d:\terry\documents\bth\termin 2\dv1595 objektorienterad spelprogrammering i c++\space invaders\space invaders\obj\x64\template\debug\vc143.pdb
d:\terry\documents\bth\termin 2\dv1595 objektorienterad spelprogrammering i c++\space invaders\space invaders\obj\x64\template\debug\vc143.idb
d:\terry\documents\bth\termin 2\dv1595 objektorienterad spelprogrammering i c++\space invaders\space invaders\obj\x64\template\debug\ship.obj
d:\terry\documents\bth\termin 2\dv1595 objektorienterad spelprogrammering i c++\space invaders\space invaders\obj\x64\template\debug\score.obj
d:\terry\documents\bth\termin 2\dv1595 objektorienterad spelprogrammering i c++\space invaders\space invaders\obj\x64\template\debug\projectile.obj
d:\terry\documents\bth\termin 2\dv1595 objektorienterad spelprogrammering i c++\space invaders\space invaders\obj\x64\template\debug\mothership.obj
d:\terry\documents\bth\termin 2\dv1595 objektorienterad spelprogrammering i c++\space invaders\space invaders\obj\x64\template\debug\menu.obj
d:\terry\documents\bth\termin 2\dv1595 objektorienterad spelprogrammering i c++\space invaders\space invaders\obj\x64\template\debug\main.obj
d:\terry\documents\bth\termin 2\dv1595 objektorienterad spelprogrammering i c++\space invaders\space invaders\obj\x64\template\debug\highscoreinput.obj
d:\terry\documents\bth\termin 2\dv1595 objektorienterad spelprogrammering i c++\space invaders\space invaders\obj\x64\template\debug\gamestate.obj
d:\terry\documents\bth\termin 2\dv1595 objektorienterad spelprogrammering i c++\space invaders\space invaders\obj\x64\template\debug\game.obj
d:\terry\documents\bth\termin 2\dv1595 objektorienterad spelprogrammering i c++\space invaders\space invaders\obj\x64\template\debug\entity.obj
d:\terry\documents\bth\termin 2\dv1595 objektorienterad spelprogrammering i c++\space invaders\space invaders\obj\x64\template\debug\alien.obj
d:\terry\documents\bth\termin 2\dv1595 objektorienterad spelprogrammering i c++\space invaders\space invaders\bin\x64\templated.exe
d:\terry\documents\bth\termin 2\dv1595 objektorienterad spelprogrammering i c++\space invaders\space invaders\bin\x64\templated.pdb
d:\terry\documents\bth\termin 2\dv1595 objektorienterad spelprogrammering i c++\space invaders\space invaders\obj\x64\template\debug\templated.ilk
d:\terry\documents\bth\termin 2\dv1595 objektorienterad spelprogrammering i c++\space invaders\space invaders\codepc\../bin/x64/templated.pdb
d:\terry\documents\bth\termin 2\dv1595 objektorienterad spelprogrammering i c++\space invaders\space invaders\codepc\../obj/x64/template/debug/mainprogram.vcxproj.filelistabsolute.txt
d:\terry\documents\bth\termin 2\dv1595 objektorienterad spelprogrammering i c++\space invaders\space invaders\obj\x64\template\debug\template.tlog\cl.command.1.tlog
d:\terry\documents\bth\termin 2\dv1595 objektorienterad spelprogrammering i c++\space invaders\space invaders\obj\x64\template\debug\template.tlog\cl.items.tlog
d:\terry\documents\bth\termin 2\dv1595 objektorienterad spelprogrammering i c++\space invaders\space invaders\obj\x64\template\debug\template.tlog\cl.read.1.tlog
d:\terry\documents\bth\termin 2\dv1595 objektorienterad spelprogrammering i c++\space invaders\space invaders\obj\x64\template\debug\template.tlog\cl.write.1.tlog
d:\terry\documents\bth\termin 2\dv1595 objektorienterad spelprogrammering i c++\space invaders\space invaders\obj\x64\template\debug\template.tlog\link.command.1.tlog
d:\terry\documents\bth\termin 2\dv1595 objektorienterad spelprogrammering i c++\space invaders\space invaders\obj\x64\template\debug\template.tlog\link.read.1.tlog
d:\terry\documents\bth\termin 2\dv1595 objektorienterad spelprogrammering i c++\space invaders\space invaders\obj\x64\template\debug\template.tlog\link.secondary.1.tlog
d:\terry\documents\bth\termin 2\dv1595 objektorienterad spelprogrammering i c++\space invaders\space invaders\obj\x64\template\debug\template.tlog\link.write.1.tlog
